<?xml version="1.0" encoding="UTF-8"?>
<!-- Generated by org.testng.reporters.JUnitXMLReporter -->
<testsuite hostname="parasharb-w7" name="FF Test" tests="13" failures="0" timestamp="12 Jul 2016 05:16:00 GMT" time="212.252" errors="0">
  <testcase name="test0_landingPage" time="83.343" classname="com.provenir.automation.framework.testcases.Checklists"/>
  <testcase name="test1_verifyEligibilityChecklist" time="10.93" classname="com.provenir.automation.framework.testcases.Checklists"/>
  <testcase name="test2_verifyPolicyExceptionForSmallBusiness" time="4.155" classname="com.provenir.automation.framework.testcases.Checklists"/>
  <testcase name="test3_verifyConditionsAndPrecedent" time="4.538" classname="com.provenir.automation.framework.testcases.Checklists"/>
  <testcase name="test4_verifyClosingChecklist" time="4.2" classname="com.provenir.automation.framework.testcases.Checklists"/>
  <testcase name="test5_verifyPostBookingQAChecklist" time="4.285" classname="com.provenir.automation.framework.testcases.Checklists"/>
  <testcase name="test6_verifyPreBookingChecklist" time="4.144" classname="com.provenir.automation.framework.testcases.Checklists"/>
  <testcase name="test7_verifyPreFundingChecklist" time="4.69" classname="com.provenir.automation.framework.testcases.Checklists"/>
  <testcase name="test8_verifyPreClosingChecklist" time="4.08" classname="com.provenir.automation.framework.testcases.Checklists"/>
  <testcase name="test9_verifyDocumentChecklist" time="4.043" classname="com.provenir.automation.framework.testcases.Checklists"/>
  <testcase name="test10_verifyDueDiligenceChecklist" time="3.283" classname="com.provenir.automation.framework.testcases.Checklists"/>
  <testcase name="test11_verifyApplicationChecklist" time="3.747" classname="com.provenir.automation.framework.testcases.Checklists"/>
  <testcase name="test12_verifyApplicationChecklistItems" time="42.562" classname="com.provenir.automation.framework.testcases.Checklists"/>
</testsuite> <!-- FF Test -->
