<?xml version="1.0" encoding="UTF-8"?>
<!-- Generated by org.testng.reporters.JUnitXMLReporter -->
<testsuite hostname="parasharb-w7" name="Firefox Test0" tests="33" failures="0" timestamp="12 Jul 2016 13:21:47 GMT" time="174.833" errors="0">
  <testcase name="test0_landingPage" time="28.323" classname="com.provenir.automation.framework.testcases.DefaultRoles"/>
  <testcase name="test1_verifySalesAdmin" time="5.899" classname="com.provenir.automation.framework.testcases.DefaultRoles"/>
  <testcase name="test2_verifyLoanOfficer" time="3.735" classname="com.provenir.automation.framework.testcases.DefaultRoles"/>
  <testcase name="test3_verifySalesManager" time="3.907" classname="com.provenir.automation.framework.testcases.DefaultRoles"/>
  <testcase name="test4_verifySalesExecutive" time="3.83" classname="com.provenir.automation.framework.testcases.DefaultRoles"/>
  <testcase name="test5_verifyRelationshipManager" time="3.68" classname="com.provenir.automation.framework.testcases.DefaultRoles"/>
  <testcase name="test6_verifyCreditAdmin" time="3.749" classname="com.provenir.automation.framework.testcases.DefaultRoles"/>
  <testcase name="test7_verifyCreditAnalyst" time="3.741" classname="com.provenir.automation.framework.testcases.DefaultRoles"/>
  <testcase name="test8_verifySrCreditAnalyst" time="3.793" classname="com.provenir.automation.framework.testcases.DefaultRoles"/>
  <testcase name="test9_verifyCreditOfficer" time="3.698" classname="com.provenir.automation.framework.testcases.DefaultRoles"/>
  <testcase name="test10_verifySrCreditOfficer" time="3.663" classname="com.provenir.automation.framework.testcases.DefaultRoles"/>
  <testcase name="test11_verifyChiefCreditOfficer" time="3.821" classname="com.provenir.automation.framework.testcases.DefaultRoles"/>
  <testcase name="test12_verifyOperationsManager" time="3.592" classname="com.provenir.automation.framework.testcases.DefaultRoles"/>
  <testcase name="test13_verifyPortfolioManager" time="3.623" classname="com.provenir.automation.framework.testcases.DefaultRoles"/>
  <testcase name="test14_verifyPortfolioAdmin" time="3.547" classname="com.provenir.automation.framework.testcases.DefaultRoles"/>
  <testcase name="test15_verifySecurityOfficer" time="3.512" classname="com.provenir.automation.framework.testcases.DefaultRoles"/>
  <testcase name="test16_verifyComplianceAnalyst" time="3.566" classname="com.provenir.automation.framework.testcases.DefaultRoles"/>
  <testcase name="test17_verifyDocManager" time="3.517" classname="com.provenir.automation.framework.testcases.DefaultRoles"/>
  <testcase name="test18_verifyDocSpecialist" time="3.523" classname="com.provenir.automation.framework.testcases.DefaultRoles"/>
  <testcase name="test19_verifyCollateralManager" time="3.55" classname="com.provenir.automation.framework.testcases.DefaultRoles"/>
  <testcase name="test20_verifyCollateralAnalyst" time="3.495" classname="com.provenir.automation.framework.testcases.DefaultRoles"/>
  <testcase name="test21_verifyUCCSpecialist" time="3.513" classname="com.provenir.automation.framework.testcases.DefaultRoles"/>
  <testcase name="test22_verifyImagingSpecialist" time="3.518" classname="com.provenir.automation.framework.testcases.DefaultRoles"/>
  <testcase name="test23_verifyFundingSpecialist" time="3.494" classname="com.provenir.automation.framework.testcases.DefaultRoles"/>
  <testcase name="test24_verifyBookingSpecialist" time="3.544" classname="com.provenir.automation.framework.testcases.DefaultRoles"/>
  <testcase name="test25_verifyProvenirAdmin" time="3.749" classname="com.provenir.automation.framework.testcases.DefaultRoles"/>
  <testcase name="test26_verifyCreditRiskManager" time="3.586" classname="com.provenir.automation.framework.testcases.DefaultRoles"/>
  <testcase name="test27_verifyCompliance" time="3.701" classname="com.provenir.automation.framework.testcases.DefaultRoles"/>
  <testcase name="test28_verifySmallBusinessBankOfficer" time="3.511" classname="com.provenir.automation.framework.testcases.DefaultRoles"/>
  <testcase name="test29_verifyUnderwriter" time="3.636" classname="com.provenir.automation.framework.testcases.DefaultRoles"/>
  <testcase name="test30_verifySmallBusinessAnalyst" time="3.574" classname="com.provenir.automation.framework.testcases.DefaultRoles"/>
  <testcase name="test31_verifySmallBusinessUnderwriter" time="3.524" classname="com.provenir.automation.framework.testcases.DefaultRoles"/>
  <testcase name="test32_verifySmallBusinessCloser" time="3.604" classname="com.provenir.automation.framework.testcases.DefaultRoles"/>
</testsuite> <!-- Firefox Test0 -->
