<?xml version="1.0" encoding="UTF-8"?>
<!-- Generated by org.testng.reporters.JUnitXMLReporter -->
<testsuite hostname="parasharb-w7" name="Firefox Test2" tests="13" failures="0" timestamp="12 Jul 2016 13:25:10 GMT" time="100.162" errors="0">
  <testcase name="test0_landingPage" time="27.74" classname="com.provenir.automation.framework.testcases.Checklists"/>
  <testcase name="test1_verifyEligibilityChecklist" time="5.943" classname="com.provenir.automation.framework.testcases.Checklists"/>
  <testcase name="test2_verifyPolicyExceptionForSmallBusiness" time="3.389" classname="com.provenir.automation.framework.testcases.Checklists"/>
  <testcase name="test3_verifyConditionsAndPrecedent" time="3.147" classname="com.provenir.automation.framework.testcases.Checklists"/>
  <testcase name="test4_verifyClosingChecklist" time="3.312" classname="com.provenir.automation.framework.testcases.Checklists"/>
  <testcase name="test5_verifyPostBookingQAChecklist" time="3.132" classname="com.provenir.automation.framework.testcases.Checklists"/>
  <testcase name="test6_verifyPreBookingChecklist" time="3.131" classname="com.provenir.automation.framework.testcases.Checklists"/>
  <testcase name="test7_verifyPreFundingChecklist" time="3.056" classname="com.provenir.automation.framework.testcases.Checklists"/>
  <testcase name="test8_verifyPreClosingChecklist" time="3.074" classname="com.provenir.automation.framework.testcases.Checklists"/>
  <testcase name="test9_verifyDocumentChecklist" time="3.089" classname="com.provenir.automation.framework.testcases.Checklists"/>
  <testcase name="test10_verifyDueDiligenceChecklist" time="3.044" classname="com.provenir.automation.framework.testcases.Checklists"/>
  <testcase name="test11_verifyApplicationChecklist" time="3.256" classname="com.provenir.automation.framework.testcases.Checklists"/>
  <testcase name="test12_verifyApplicationChecklistItems" time="11.794" classname="com.provenir.automation.framework.testcases.Checklists"/>
</testsuite> <!-- Firefox Test2 -->
